<?xml version="1.0" encoding="UTF-8"?>
<testsuite xmlns:xsi="http://www.w3.org/2001/XMLSchema-instance" xsi:noNamespaceSchemaLocation="https://maven.apache.org/surefire/maven-surefire-plugin/xsd/surefire-test-report.xsd" version="3.0.2" name="dev.uofc_chessclub.Chess.Club.ChessClubApplicationTests" time="1.409" tests="1" errors="0" skipped="0" failures="0">
  <properties>
[...]
</properties>
  <testcase name="contextLoads" classname="dev.uofc_chessclub.Chess.Club.ChessClubApplicationTests" time="0.389">
    <system-out><![CDATA[15:34:34.484 [main] INFO org.springframework.test.context.support.AnnotationConfigContextLoaderUtils -- Could not detect default configuration classes for test class [dev.uofc_chessclub.Chess.Club.ChessClubApplicationTests]: ChessClubApplicationTests does not declare any static, non-private, non-final, nested classes annotated with @Configuration.
15:34:34.540 [main] INFO org.springframework.boot.test.context.SpringBootTestContextBootstrapper -- Found @SpringBootConfiguration dev.uofc_chessclub.Chess.Club.ChessClubApplication for test class dev.uofc_chessclub.Chess.Club.ChessClubApplicationTests
15:34:34.600 [main] INFO org.springframework.boot.devtools.restart.RestartApplicationListener -- Restart disabled due to context in which it is running

  .   ____          _            __ _ _
 /\\ / ___'_ __ _ _(_)_ __  __ _ \ \ \ \
( ( )\___ | '_ | '_| | '_ \/ _` | \ \ \ \
 \\/  ___)| |_)| | | | | || (_| |  ) ) ) )
  '  |____| .__|_| |_|_| |_\__, | / / / /
 =========|_|==============|___/=/_/_/_/

 :: Spring Boot ::                (v3.4.1)

2025-01-08T15:34:34.689-07:00  INFO 55023 --- [Chess-Club] [           main] m.p.springdotenv.DotenvPropertySource    : Initializing Dotenv with DotenvConfig{directory=null, filename=null, ignoreIfMalformed=false, ignoreIfMissing=true, systemProperties=false, prefix=null}
2025-01-08T15:34:34.700-07:00  INFO 55023 --- [Chess-Club] [           main] d.u.C.Club.ChessClubApplicationTests     : Starting ChessClubApplicationTests using Java 23.0.1 with PID 55023 (started by joshuageng in /Users/joshuageng/Code/chess-website-backend-1)
2025-01-08T15:34:34.701-07:00  INFO 55023 --- [Chess-Club] [           main] d.u.C.Club.ChessClubApplicationTests     : No active profile set, falling back to 1 default profile: "default"
2025-01-08T15:34:34.904-07:00  INFO 55023 --- [Chess-Club] [           main] .s.d.r.c.RepositoryConfigurationDelegate : Bootstrapping Spring Data MongoDB repositories in DEFAULT mode.
2025-01-08T15:34:34.920-07:00  INFO 55023 --- [Chess-Club] [           main] .s.d.r.c.RepositoryConfigurationDelegate : Finished Spring Data repository scanning in 13 ms. Found 2 MongoDB repository interfaces.
2025-01-08T15:34:35.108-07:00  INFO 55023 --- [Chess-Club] [           main] org.mongodb.driver.client                : MongoClient with metadata {"driver": {"name": "mongo-java-driver|sync|spring-boot", "version": "5.2.1"}, "os": {"type": "Darwin", "name": "Mac OS X", "architecture": "aarch64", "version": "15.1.1"}, "platform": "Java/Homebrew/23.0.1"} created with settings MongoClientSettings{readPreference=primary, writeConcern=WriteConcern{w=null, wTimeout=null ms, journal=null}, retryWrites=true, retryReads=true, readConcern=ReadConcern{level=null}, credential=MongoCredential{mechanism=null, userName='jinkim', source='admin', password=<hidden>, mechanismProperties=<hidden>}, transportSettings=null, commandListeners=[], codecRegistry=ProvidersCodecRegistry{codecProviders=[ValueCodecProvider{}, BsonValueCodecProvider{}, DBRefCodecProvider{}, DBObjectCodecProvider{}, DocumentCodecProvider{}, CollectionCodecProvider{}, IterableCodecProvider{}, MapCodecProvider{}, GeoJsonCodecProvider{}, GridFSFileCodecProvider{}, Jsr310CodecProvider{}, JsonObjectCodecProvider{}, BsonCodecProvider{}, EnumCodecProvider{}, com.mongodb.client.model.mql.ExpressionCodecProvider@49fb0bbd, com.mongodb.Jep395RecordCodecProvider@5489b1f7, com.mongodb.KotlinCodecProvider@4faf104]}, loggerSettings=LoggerSettings{maxDocumentLength=1000}, clusterSettings={hosts=[127.0.0.1:27017], srvHost=cluster0.wdn61.mongodb.net, srvServiceName=mongodb, mode=MULTIPLE, requiredClusterType=REPLICA_SET, requiredReplicaSetName='atlas-9wm9ei-shard-0', serverSelector='null', clusterListeners='[]', serverSelectionTimeout='30000 ms', localThreshold='15 ms'}, socketSettings=SocketSettings{connectTimeoutMS=10000, readTimeoutMS=0, receiveBufferSize=0, proxySettings=ProxySettings{host=null, port=null, username=null, password=null}}, heartbeatSocketSettings=SocketSettings{connectTimeoutMS=10000, readTimeoutMS=10000, receiveBufferSize=0, proxySettings=ProxySettings{host=null, port=null, username=null, password=null}}, connectionPoolSettings=ConnectionPoolSettings{maxSize=100, minSize=0, maxWaitTimeMS=120000, maxConnectionLifeTimeMS=0, maxConnectionIdleTimeMS=0, maintenanceInitialDelayMS=0, maintenanceFrequencyMS=60000, connectionPoolListeners=[], maxConnecting=2}, serverSettings=ServerSettings{heartbeatFrequencyMS=10000, minHeartbeatFrequencyMS=500, serverMonitoringMode=AUTO, serverListeners='[]', serverMonitorListeners='[]'}, sslSettings=SslSettings{enabled=true, invalidHostNameAllowed=false, context=null}, applicationName='null', compressorList=[], uuidRepresentation=JAVA_LEGACY, serverApi=null, autoEncryptionSettings=null, dnsClient=null, inetAddressResolver=null, contextProvider=null, timeoutMS=null}
2025-01-08T15:34:35.125-07:00  INFO 55023 --- [Chess-Club] [n61.mongodb.net] org.mongodb.driver.cluster               : Adding discovered server cluster0-shard-00-01.wdn61.mongodb.net:27017 to client view of cluster
2025-01-08T15:34:35.135-07:00  INFO 55023 --- [Chess-Club] [n61.mongodb.net] org.mongodb.driver.cluster               : Adding discovered server cluster0-shard-00-02.wdn61.mongodb.net:27017 to client view of cluster
2025-01-08T15:34:35.136-07:00  INFO 55023 --- [Chess-Club] [n61.mongodb.net] org.mongodb.driver.cluster               : Adding discovered server cluster0-shard-00-00.wdn61.mongodb.net:27017 to client view of cluster
2025-01-08T15:34:35.427-07:00  INFO 55023 --- [Chess-Club] [           main] d.u.C.Club.ChessClubApplicationTests     : Started ChessClubApplicationTests in 0.831 seconds (process running for 1.229)
2025-01-08T15:34:35.565-07:00  INFO 55023 --- [Chess-Club] [ngodb.net:27017] org.mongodb.driver.cluster               : Monitor thread successfully connected to server with description ServerDescription{address=cluster0-shard-00-01.wdn61.mongodb.net:27017, type=REPLICA_SET_PRIMARY, cryptd=false, state=CONNECTED, ok=true, minWireVersion=0, maxWireVersion=25, maxDocumentSize=16777216, logicalSessionTimeoutMinutes=30, roundTripTimeNanos=216712708, minRoundTripTimeNanos=0, setName='atlas-9wm9ei-shard-0', canonicalAddress=cluster0-shard-00-01.wdn61.mongodb.net:27017, hosts=[cluster0-shard-00-02.wdn61.mongodb.net:27017, cluster0-shard-00-01.wdn61.mongodb.net:27017, cluster0-shard-00-00.wdn61.mongodb.net:27017], passives=[], arbiters=[], primary='cluster0-shard-00-01.wdn61.mongodb.net:27017', tagSet=TagSet{[Tag{name='availabilityZone', value='usw2-az1'}, Tag{name='diskState', value='READY'}, Tag{name='nodeType', value='ELECTABLE'}, Tag{name='provider', value='AWS'}, Tag{name='region', value='US_WEST_2'}, Tag{name='workloadType', value='OPERATIONAL'}]}, electionId=7fffffff000000000000010d, setVersion=26, topologyVersion=TopologyVersion{processId=677eed949e025a57aa1383cb, counter=6}, lastWriteDate=Wed Jan 08 15:34:35 MST 2025, lastUpdateTimeNanos=1077788960191291}
2025-01-08T15:34:35.565-07:00  INFO 55023 --- [Chess-Club] [ngodb.net:27017] org.mongodb.driver.cluster               : Monitor thread successfully connected to server with description ServerDescription{address=cluster0-shard-00-00.wdn61.mongodb.net:27017, type=REPLICA_SET_SECONDARY, cryptd=false, state=CONNECTED, ok=true, minWireVersion=0, maxWireVersion=25, maxDocumentSize=16777216, logicalSessionTimeoutMinutes=30, roundTripTimeNanos=203375583, minRoundTripTimeNanos=0, setName='atlas-9wm9ei-shard-0', canonicalAddress=cluster0-shard-00-00.wdn61.mongodb.net:27017, hosts=[cluster0-shard-00-02.wdn61.mongodb.net:27017, cluster0-shard-00-01.wdn61.mongodb.net:27017, cluster0-shard-00-00.wdn61.mongodb.net:27017], passives=[], arbiters=[], primary='cluster0-shard-00-01.wdn61.mongodb.net:27017', tagSet=TagSet{[Tag{name='availabilityZone', value='usw2-az2'}, Tag{name='diskState', value='READY'}, Tag{name='nodeType', value='ELECTABLE'}, Tag{name='provider', value='AWS'}, Tag{name='region', value='US_WEST_2'}, Tag{name='workloadType', value='OPERATIONAL'}]}, electionId=null, setVersion=26, topologyVersion=TopologyVersion{processId=677eeb294fa97b69178fee74, counter=4}, lastWriteDate=Wed Jan 08 15:34:35 MST 2025, lastUpdateTimeNanos=1077788960235250}
2025-01-08T15:34:35.565-07:00  INFO 55023 --- [Chess-Club] [ngodb.net:27017] org.mongodb.driver.cluster               : Monitor thread successfully connected to server with description ServerDescription{address=cluster0-shard-00-02.wdn61.mongodb.net:27017, type=REPLICA_SET_SECONDARY, cryptd=false, state=CONNECTED, ok=true, minWireVersion=0, maxWireVersion=25, maxDocumentSize=16777216, logicalSessionTimeoutMinutes=30, roundTripTimeNanos=225688167, minRoundTripTimeNanos=0, setName='atlas-9wm9ei-shard-0', canonicalAddress=cluster0-shard-00-02.wdn61.mongodb.net:27017, hosts=[cluster0-shard-00-02.wdn61.mongodb.net:27017, cluster0-shard-00-01.wdn61.mongodb.net:27017, cluster0-shard-00-00.wdn61.mongodb.net:27017], passives=[], arbiters=[], primary='cluster0-shard-00-01.wdn61.mongodb.net:27017', tagSet=TagSet{[Tag{name='availabilityZone', value='usw2-az3'}, Tag{name='diskState', value='READY'}, Tag{name='nodeType', value='ELECTABLE'}, Tag{name='provider', value='AWS'}, Tag{name='region', value='US_WEST_2'}, Tag{name='workloadType', value='OPERATIONAL'}]}, electionId=null, setVersion=26, topologyVersion=TopologyVersion{processId=677ef12b425f5969776732b1, counter=3}, lastWriteDate=Wed Jan 08 15:34:35 MST 2025, lastUpdateTimeNanos=1077788960191291}
2025-01-08T15:34:35.566-07:00  INFO 55023 --- [Chess-Club] [ngodb.net:27017] org.mongodb.driver.cluster               : Discovered replica set primary cluster0-shard-00-01.wdn61.mongodb.net:27017 with max election id 7fffffff000000000000010d and max set version 26
]]></system-out>
    <system-err><![CDATA[Mockito is currently self-attaching to enable the inline-mock-maker. This will no longer work in future releases of the JDK. Please add Mockito as an agent to your build what is described in Mockito's documentation: https://javadoc.io/doc/org.mockito/mockito-core/latest/org/mockito/Mockito.html#0.3
WARNING: A Java agent has been loaded dynamically (/Users/joshuageng/.m2/repository/net/bytebuddy/byte-buddy-agent/1.15.11/byte-buddy-agent-1.15.11.jar)
WARNING: If a serviceability tool is in use, please run with -XX:+EnableDynamicAgentLoading to hide this warning
WARNING: If a serviceability tool is not in use, please run with -Djdk.instrument.traceUsage for more information
WARNING: Dynamic loading of agents will be disallowed by default in a future release
]]></system-err>
  </testcase>
</testsuite>